{"/Users/samuelberston/Desktop/BO/local-voice/client/src/components/App.jsx": {"path":"/Users/samuelberston/Desktop/BO/local-voice/client/src/components/App.jsx","statementMap":{"0":{"start":{"line":10,"column":4},"end":{"line":10,"column":17}},"1":{"start":{"line":11,"column":4},"end":{"line":13,"column":6}},"2":{"start":{"line":17,"column":25},"end":{"line":17,"column":35}},"3":{"start":{"line":18,"column":4},"end":{"line":24,"column":6}}},"fnMap":{"0":{"name":"(anonymous_0)","decl":{"start":{"line":9,"column":2},"end":{"line":9,"column":3}},"loc":{"start":{"line":9,"column":21},"end":{"line":14,"column":3}},"line":9},"1":{"name":"(anonymous_1)","decl":{"start":{"line":16,"column":2},"end":{"line":16,"column":3}},"loc":{"start":{"line":16,"column":11},"end":{"line":25,"column":3}},"line":16}},"branchMap":{"0":{"loc":{"start":{"line":20,"column":9},"end":{"line":22,"column":21}},"type":"cond-expr","locations":[{"start":{"line":21,"column":12},"end":{"line":21,"column":20}},{"start":{"line":22,"column":12},"end":{"line":22,"column":21}}],"line":20}},"s":{"0":2,"1":2,"2":3,"3":3},"f":{"0":2,"1":3},"b":{"0":[3,0]},"_coverageSchema":"1a1c01bbd47fc00a2c39e90264f33305004495a9","hash":"3c35695769351a0be4bc04aa2a1b2b34ff36a937"}
,"/Users/samuelberston/Desktop/BO/local-voice/client/src/components/Home/Home.jsx": {"path":"/Users/samuelberston/Desktop/BO/local-voice/client/src/components/Home/Home.jsx","statementMap":{"0":{"start":{"line":14,"column":4},"end":{"line":14,"column":17}},"1":{"start":{"line":15,"column":4},"end":{"line":52,"column":6}},"2":{"start":{"line":53,"column":4},"end":{"line":53,"column":47}},"3":{"start":{"line":54,"column":4},"end":{"line":54,"column":41}},"4":{"start":{"line":55,"column":4},"end":{"line":55,"column":47}},"5":{"start":{"line":56,"column":4},"end":{"line":56,"column":41}},"6":{"start":{"line":57,"column":4},"end":{"line":57,"column":53}},"7":{"start":{"line":58,"column":4},"end":{"line":58,"column":57}},"8":{"start":{"line":59,"column":4},"end":{"line":59,"column":67}},"9":{"start":{"line":63,"column":31},"end":{"line":63,"column":41}},"10":{"start":{"line":65,"column":4},"end":{"line":65,"column":61}},"11":{"start":{"line":69,"column":4},"end":{"line":69,"column":22}},"12":{"start":{"line":71,"column":4},"end":{"line":87,"column":38}},"13":{"start":{"line":79,"column":8},"end":{"line":85,"column":11}},"14":{"start":{"line":83,"column":10},"end":{"line":83,"column":64}},"15":{"start":{"line":84,"column":10},"end":{"line":84,"column":66}},"16":{"start":{"line":87,"column":24},"end":{"line":87,"column":34}},"17":{"start":{"line":91,"column":4},"end":{"line":93,"column":7}},"18":{"start":{"line":94,"column":21},"end":{"line":94,"column":31}},"19":{"start":{"line":95,"column":4},"end":{"line":95,"column":61}},"20":{"start":{"line":100,"column":4},"end":{"line":113,"column":7}},"21":{"start":{"line":104,"column":6},"end":{"line":112,"column":7}},"22":{"start":{"line":105,"column":8},"end":{"line":107,"column":11}},"23":{"start":{"line":106,"column":62},"end":{"line":106,"column":105}},"24":{"start":{"line":109,"column":8},"end":{"line":111,"column":11}},"25":{"start":{"line":118,"column":4},"end":{"line":138,"column":7}},"26":{"start":{"line":122,"column":6},"end":{"line":137,"column":7}},"27":{"start":{"line":123,"column":28},"end":{"line":123,"column":45}},"28":{"start":{"line":124,"column":31},"end":{"line":124,"column":33}},"29":{"start":{"line":125,"column":8},"end":{"line":129,"column":9}},"30":{"start":{"line":125,"column":21},"end":{"line":125,"column":22}},"31":{"start":{"line":126,"column":10},"end":{"line":128,"column":11}},"32":{"start":{"line":127,"column":12},"end":{"line":127,"column":48}},"33":{"start":{"line":130,"column":8},"end":{"line":132,"column":11}},"34":{"start":{"line":134,"column":8},"end":{"line":136,"column":11}},"35":{"start":{"line":142,"column":21},"end":{"line":142,"column":31}},"36":{"start":{"line":143,"column":4},"end":{"line":145,"column":7}},"37":{"start":{"line":150,"column":4},"end":{"line":152,"column":7}},"38":{"start":{"line":155,"column":31},"end":{"line":164,"column":5}},"39":{"start":{"line":157,"column":6},"end":{"line":161,"column":7}},"40":{"start":{"line":157,"column":19},"end":{"line":157,"column":20}},"41":{"start":{"line":158,"column":8},"end":{"line":160,"column":9}},"42":{"start":{"line":159,"column":10},"end":{"line":159,"column":22}},"43":{"start":{"line":163,"column":6},"end":{"line":163,"column":19}},"44":{"start":{"line":167,"column":26},"end":{"line":167,"column":54}},"45":{"start":{"line":168,"column":4},"end":{"line":168,"column":80}},"46":{"start":{"line":170,"column":4},"end":{"line":189,"column":6}},"47":{"start":{"line":174,"column":23},"end":{"line":174,"column":27}},"48":{"start":{"line":175,"column":8},"end":{"line":180,"column":9}},"49":{"start":{"line":176,"column":10},"end":{"line":179,"column":11}},"50":{"start":{"line":177,"column":12},"end":{"line":177,"column":29}},"51":{"start":{"line":178,"column":12},"end":{"line":178,"column":18}},"52":{"start":{"line":183,"column":31},"end":{"line":183,"column":104}},"53":{"start":{"line":183,"column":67},"end":{"line":183,"column":103}},"54":{"start":{"line":185,"column":8},"end":{"line":187,"column":11}},"55":{"start":{"line":195,"column":8},"end":{"line":195,"column":18}},"56":{"start":{"line":196,"column":4},"end":{"line":220,"column":6}}},"fnMap":{"0":{"name":"(anonymous_0)","decl":{"start":{"line":13,"column":2},"end":{"line":13,"column":3}},"loc":{"start":{"line":13,"column":21},"end":{"line":60,"column":3}},"line":13},"1":{"name":"(anonymous_1)","decl":{"start":{"line":62,"column":2},"end":{"line":62,"column":3}},"loc":{"start":{"line":62,"column":22},"end":{"line":66,"column":3}},"line":62},"2":{"name":"(anonymous_2)","decl":{"start":{"line":68,"column":2},"end":{"line":68,"column":3}},"loc":{"start":{"line":68,"column":31},"end":{"line":88,"column":3}},"line":68},"3":{"name":"(anonymous_3)","decl":{"start":{"line":78,"column":12},"end":{"line":78,"column":13}},"loc":{"start":{"line":78,"column":26},"end":{"line":86,"column":7}},"line":78},"4":{"name":"(anonymous_4)","decl":{"start":{"line":82,"column":11},"end":{"line":82,"column":12}},"loc":{"start":{"line":82,"column":17},"end":{"line":85,"column":9}},"line":82},"5":{"name":"(anonymous_5)","decl":{"start":{"line":87,"column":13},"end":{"line":87,"column":14}},"loc":{"start":{"line":87,"column":22},"end":{"line":87,"column":36}},"line":87},"6":{"name":"(anonymous_6)","decl":{"start":{"line":90,"column":2},"end":{"line":90,"column":3}},"loc":{"start":{"line":90,"column":19},"end":{"line":96,"column":3}},"line":90},"7":{"name":"(anonymous_7)","decl":{"start":{"line":99,"column":2},"end":{"line":99,"column":3}},"loc":{"start":{"line":99,"column":19},"end":{"line":114,"column":3}},"line":99},"8":{"name":"(anonymous_8)","decl":{"start":{"line":103,"column":7},"end":{"line":103,"column":8}},"loc":{"start":{"line":103,"column":13},"end":{"line":113,"column":5}},"line":103},"9":{"name":"(anonymous_9)","decl":{"start":{"line":106,"column":51},"end":{"line":106,"column":52}},"loc":{"start":{"line":106,"column":62},"end":{"line":106,"column":105}},"line":106},"10":{"name":"(anonymous_10)","decl":{"start":{"line":117,"column":2},"end":{"line":117,"column":3}},"loc":{"start":{"line":117,"column":24},"end":{"line":139,"column":3}},"line":117},"11":{"name":"(anonymous_11)","decl":{"start":{"line":121,"column":7},"end":{"line":121,"column":8}},"loc":{"start":{"line":121,"column":13},"end":{"line":138,"column":5}},"line":121},"12":{"name":"(anonymous_12)","decl":{"start":{"line":141,"column":2},"end":{"line":141,"column":3}},"loc":{"start":{"line":141,"column":11},"end":{"line":146,"column":3}},"line":141},"13":{"name":"(anonymous_13)","decl":{"start":{"line":148,"column":2},"end":{"line":148,"column":3}},"loc":{"start":{"line":148,"column":18},"end":{"line":190,"column":3}},"line":148},"14":{"name":"(anonymous_14)","decl":{"start":{"line":155,"column":31},"end":{"line":155,"column":32}},"loc":{"start":{"line":155,"column":47},"end":{"line":164,"column":5}},"line":155},"15":{"name":"(anonymous_15)","decl":{"start":{"line":173,"column":9},"end":{"line":173,"column":10}},"loc":{"start":{"line":173,"column":15},"end":{"line":188,"column":7}},"line":173},"16":{"name":"(anonymous_16)","decl":{"start":{"line":183,"column":56},"end":{"line":183,"column":57}},"loc":{"start":{"line":183,"column":67},"end":{"line":183,"column":103}},"line":183},"17":{"name":"(anonymous_17)","decl":{"start":{"line":192,"column":2},"end":{"line":192,"column":3}},"loc":{"start":{"line":192,"column":11},"end":{"line":221,"column":3}},"line":192}},"branchMap":{"0":{"loc":{"start":{"line":104,"column":6},"end":{"line":112,"column":7}},"type":"if","locations":[{"start":{"line":104,"column":6},"end":{"line":112,"column":7}},{"start":{"line":104,"column":6},"end":{"line":112,"column":7}}],"line":104},"1":{"loc":{"start":{"line":122,"column":6},"end":{"line":137,"column":7}},"type":"if","locations":[{"start":{"line":122,"column":6},"end":{"line":137,"column":7}},{"start":{"line":122,"column":6},"end":{"line":137,"column":7}}],"line":122},"2":{"loc":{"start":{"line":126,"column":10},"end":{"line":128,"column":11}},"type":"if","locations":[{"start":{"line":126,"column":10},"end":{"line":128,"column":11}},{"start":{"line":126,"column":10},"end":{"line":128,"column":11}}],"line":126},"3":{"loc":{"start":{"line":158,"column":8},"end":{"line":160,"column":9}},"type":"if","locations":[{"start":{"line":158,"column":8},"end":{"line":160,"column":9}},{"start":{"line":158,"column":8},"end":{"line":160,"column":9}}],"line":158},"4":{"loc":{"start":{"line":176,"column":10},"end":{"line":179,"column":11}},"type":"if","locations":[{"start":{"line":176,"column":10},"end":{"line":179,"column":11}},{"start":{"line":176,"column":10},"end":{"line":179,"column":11}}],"line":176},"5":{"loc":{"start":{"line":186,"column":26},"end":{"line":186,"column":80}},"type":"cond-expr","locations":[{"start":{"line":186,"column":46},"end":{"line":186,"column":63}},{"start":{"line":186,"column":66},"end":{"line":186,"column":80}}],"line":186},"6":{"loc":{"start":{"line":211,"column":31},"end":{"line":211,"column":68}},"type":"cond-expr","locations":[{"start":{"line":211,"column":45},"end":{"line":211,"column":51}},{"start":{"line":211,"column":54},"end":{"line":211,"column":68}}],"line":211}},"s":{"0":0,"1":0,"2":0,"3":0,"4":0,"5":0,"6":0,"7":0,"8":0,"9":0,"10":0,"11":0,"12":0,"13":0,"14":0,"15":0,"16":0,"17":0,"18":0,"19":0,"20":0,"21":0,"22":0,"23":0,"24":0,"25":0,"26":0,"27":0,"28":0,"29":0,"30":0,"31":0,"32":0,"33":0,"34":0,"35":0,"36":0,"37":0,"38":0,"39":0,"40":0,"41":0,"42":0,"43":0,"44":0,"45":0,"46":0,"47":0,"48":0,"49":0,"50":0,"51":0,"52":0,"53":0,"54":0,"55":0,"56":0},"f":{"0":0,"1":0,"2":0,"3":0,"4":0,"5":0,"6":0,"7":0,"8":0,"9":0,"10":0,"11":0,"12":0,"13":0,"14":0,"15":0,"16":0,"17":0},"b":{"0":[0,0],"1":[0,0],"2":[0,0],"3":[0,0],"4":[0,0],"5":[0,0],"6":[0,0]},"_coverageSchema":"1a1c01bbd47fc00a2c39e90264f33305004495a9","hash":"c3c5530791959bb0978f4f4cae82b6e0561bd9cf"}
,"/Users/samuelberston/Desktop/BO/local-voice/client/src/components/Home/CreateIssue/CreateIssue.jsx": {"path":"/Users/samuelberston/Desktop/BO/local-voice/client/src/components/Home/CreateIssue/CreateIssue.jsx","statementMap":{"0":{"start":{"line":8,"column":4},"end":{"line":8,"column":17}},"1":{"start":{"line":9,"column":4},"end":{"line":11,"column":6}},"2":{"start":{"line":12,"column":4},"end":{"line":12,"column":51}},"3":{"start":{"line":16,"column":4},"end":{"line":16,"column":37}},"4":{"start":{"line":20,"column":24},"end":{"line":20,"column":34}},"5":{"start":{"line":21,"column":31},"end":{"line":21,"column":41}},"6":{"start":{"line":22,"column":4},"end":{"line":29,"column":6}},"7":{"start":{"line":33,"column":0},"end":{"line":36,"column":2}}},"fnMap":{"0":{"name":"(anonymous_0)","decl":{"start":{"line":7,"column":2},"end":{"line":7,"column":3}},"loc":{"start":{"line":7,"column":21},"end":{"line":13,"column":3}},"line":7},"1":{"name":"(anonymous_1)","decl":{"start":{"line":15,"column":2},"end":{"line":15,"column":3}},"loc":{"start":{"line":15,"column":16},"end":{"line":17,"column":3}},"line":15},"2":{"name":"(anonymous_2)","decl":{"start":{"line":19,"column":2},"end":{"line":19,"column":3}},"loc":{"start":{"line":19,"column":11},"end":{"line":30,"column":3}},"line":19}},"branchMap":{"0":{"loc":{"start":{"line":25,"column":9},"end":{"line":27,"column":14}},"type":"cond-expr","locations":[{"start":{"line":26,"column":12},"end":{"line":26,"column":57}},{"start":{"line":27,"column":12},"end":{"line":27,"column":14}}],"line":25}},"s":{"0":0,"1":0,"2":0,"3":0,"4":0,"5":0,"6":0,"7":2},"f":{"0":0,"1":0,"2":0},"b":{"0":[0,0]},"_coverageSchema":"1a1c01bbd47fc00a2c39e90264f33305004495a9","hash":"7bc13ffba9d022b70ad88f5d8ae32113febef28b"}
,"/Users/samuelberston/Desktop/BO/local-voice/client/src/components/Home/CreateIssue/IssueForm/IssueForm.jsx": {"path":"/Users/samuelberston/Desktop/BO/local-voice/client/src/components/Home/CreateIssue/IssueForm/IssueForm.jsx","statementMap":{"0":{"start":{"line":14,"column":4},"end":{"line":14,"column":17}},"1":{"start":{"line":15,"column":25},"end":{"line":15,"column":35}},"2":{"start":{"line":16,"column":4},"end":{"line":24,"column":6}},"3":{"start":{"line":26,"column":4},"end":{"line":26,"column":79}},"4":{"start":{"line":27,"column":4},"end":{"line":27,"column":79}},"5":{"start":{"line":28,"column":4},"end":{"line":28,"column":51}},"6":{"start":{"line":29,"column":4},"end":{"line":29,"column":43}},"7":{"start":{"line":30,"column":4},"end":{"line":30,"column":53}},"8":{"start":{"line":31,"column":4},"end":{"line":31,"column":53}},"9":{"start":{"line":35,"column":25},"end":{"line":35,"column":35}},"10":{"start":{"line":36,"column":4},"end":{"line":36,"column":45}},"11":{"start":{"line":42,"column":8},"end":{"line":42,"column":18}},"12":{"start":{"line":43,"column":26},"end":{"line":43,"column":38}},"13":{"start":{"line":44,"column":4},"end":{"line":46,"column":5}},"14":{"start":{"line":45,"column":6},"end":{"line":45,"column":40}},"15":{"start":{"line":50,"column":4},"end":{"line":50,"column":27}},"16":{"start":{"line":54,"column":24},"end":{"line":54,"column":34}},"17":{"start":{"line":55,"column":4},"end":{"line":55,"column":44}},"18":{"start":{"line":59,"column":25},"end":{"line":59,"column":33}},"19":{"start":{"line":60,"column":4},"end":{"line":69,"column":40}},"20":{"start":{"line":67,"column":8},"end":{"line":67,"column":43}},"21":{"start":{"line":69,"column":22},"end":{"line":69,"column":38}},"22":{"start":{"line":73,"column":25},"end":{"line":73,"column":33}},"23":{"start":{"line":74,"column":4},"end":{"line":84,"column":38}},"24":{"start":{"line":81,"column":8},"end":{"line":81,"column":46}},"25":{"start":{"line":82,"column":8},"end":{"line":82,"column":31}},"26":{"start":{"line":84,"column":24},"end":{"line":84,"column":34}},"27":{"start":{"line":88,"column":4},"end":{"line":97,"column":38}},"28":{"start":{"line":94,"column":8},"end":{"line":94,"column":47}},"29":{"start":{"line":95,"column":8},"end":{"line":95,"column":32}},"30":{"start":{"line":97,"column":24},"end":{"line":97,"column":34}},"31":{"start":{"line":102,"column":4},"end":{"line":102,"column":23}},"32":{"start":{"line":106,"column":30},"end":{"line":106,"column":40}},"33":{"start":{"line":107,"column":4},"end":{"line":152,"column":6}},"34":{"start":{"line":143,"column":16},"end":{"line":145,"column":25}},"35":{"start":{"line":156,"column":0},"end":{"line":159,"column":2}}},"fnMap":{"0":{"name":"(anonymous_0)","decl":{"start":{"line":13,"column":2},"end":{"line":13,"column":3}},"loc":{"start":{"line":13,"column":21},"end":{"line":32,"column":3}},"line":13},"1":{"name":"(anonymous_1)","decl":{"start":{"line":34,"column":2},"end":{"line":34,"column":3}},"loc":{"start":{"line":34,"column":22},"end":{"line":37,"column":3}},"line":34},"2":{"name":"(anonymous_2)","decl":{"start":{"line":39,"column":2},"end":{"line":39,"column":3}},"loc":{"start":{"line":39,"column":22},"end":{"line":47,"column":3}},"line":39},"3":{"name":"(anonymous_3)","decl":{"start":{"line":49,"column":2},"end":{"line":49,"column":3}},"loc":{"start":{"line":49,"column":22},"end":{"line":51,"column":3}},"line":49},"4":{"name":"(anonymous_4)","decl":{"start":{"line":53,"column":2},"end":{"line":53,"column":3}},"loc":{"start":{"line":53,"column":16},"end":{"line":56,"column":3}},"line":53},"5":{"name":"(anonymous_5)","decl":{"start":{"line":58,"column":2},"end":{"line":58,"column":3}},"loc":{"start":{"line":58,"column":20},"end":{"line":70,"column":3}},"line":58},"6":{"name":"(anonymous_6)","decl":{"start":{"line":66,"column":12},"end":{"line":66,"column":13}},"loc":{"start":{"line":66,"column":22},"end":{"line":68,"column":7}},"line":66},"7":{"name":"(anonymous_7)","decl":{"start":{"line":69,"column":13},"end":{"line":69,"column":14}},"loc":{"start":{"line":69,"column":22},"end":{"line":69,"column":38}},"line":69},"8":{"name":"(anonymous_8)","decl":{"start":{"line":72,"column":2},"end":{"line":72,"column":3}},"loc":{"start":{"line":72,"column":38},"end":{"line":85,"column":3}},"line":72},"9":{"name":"(anonymous_9)","decl":{"start":{"line":80,"column":12},"end":{"line":80,"column":13}},"loc":{"start":{"line":80,"column":22},"end":{"line":83,"column":7}},"line":80},"10":{"name":"(anonymous_10)","decl":{"start":{"line":84,"column":13},"end":{"line":84,"column":14}},"loc":{"start":{"line":84,"column":22},"end":{"line":84,"column":36}},"line":84},"11":{"name":"(anonymous_11)","decl":{"start":{"line":87,"column":2},"end":{"line":87,"column":3}},"loc":{"start":{"line":87,"column":37},"end":{"line":98,"column":3}},"line":87},"12":{"name":"(anonymous_12)","decl":{"start":{"line":93,"column":12},"end":{"line":93,"column":13}},"loc":{"start":{"line":93,"column":22},"end":{"line":96,"column":7}},"line":93},"13":{"name":"(anonymous_13)","decl":{"start":{"line":97,"column":13},"end":{"line":97,"column":14}},"loc":{"start":{"line":97,"column":22},"end":{"line":97,"column":36}},"line":97},"14":{"name":"(anonymous_14)","decl":{"start":{"line":101,"column":2},"end":{"line":101,"column":3}},"loc":{"start":{"line":101,"column":29},"end":{"line":103,"column":3}},"line":101},"15":{"name":"(anonymous_15)","decl":{"start":{"line":105,"column":2},"end":{"line":105,"column":3}},"loc":{"start":{"line":105,"column":11},"end":{"line":153,"column":3}},"line":105},"16":{"name":"(anonymous_16)","decl":{"start":{"line":142,"column":24},"end":{"line":142,"column":25}},"loc":{"start":{"line":143,"column":16},"end":{"line":145,"column":25}},"line":143}},"branchMap":{"0":{"loc":{"start":{"line":44,"column":4},"end":{"line":46,"column":5}},"type":"if","locations":[{"start":{"line":44,"column":4},"end":{"line":46,"column":5}},{"start":{"line":44,"column":4},"end":{"line":46,"column":5}}],"line":44}},"s":{"0":0,"1":0,"2":0,"3":0,"4":0,"5":0,"6":0,"7":0,"8":0,"9":0,"10":0,"11":0,"12":0,"13":0,"14":0,"15":0,"16":0,"17":0,"18":0,"19":0,"20":0,"21":0,"22":0,"23":0,"24":0,"25":0,"26":0,"27":0,"28":0,"29":0,"30":0,"31":0,"32":0,"33":0,"34":0,"35":2},"f":{"0":0,"1":0,"2":0,"3":0,"4":0,"5":0,"6":0,"7":0,"8":0,"9":0,"10":0,"11":0,"12":0,"13":0,"14":0,"15":0,"16":0},"b":{"0":[0,0]},"_coverageSchema":"1a1c01bbd47fc00a2c39e90264f33305004495a9","hash":"bf3a1c23c6822c86899a56fed5526f0fdb0d6213"}
,"/Users/samuelberston/Desktop/BO/local-voice/client/src/components/Home/Header/Header.jsx": {"path":"/Users/samuelberston/Desktop/BO/local-voice/client/src/components/Home/Header/Header.jsx","statementMap":{"0":{"start":{"line":7,"column":15},"end":{"line":14,"column":1}},"1":{"start":{"line":8,"column":2},"end":{"line":13,"column":8}},"2":{"start":{"line":16,"column":0},"end":{"line":18,"column":2}}},"fnMap":{"0":{"name":"(anonymous_0)","decl":{"start":{"line":7,"column":15},"end":{"line":7,"column":16}},"loc":{"start":{"line":8,"column":2},"end":{"line":13,"column":8}},"line":8}},"branchMap":{},"s":{"0":2,"1":0,"2":2},"f":{"0":0},"b":{},"_coverageSchema":"1a1c01bbd47fc00a2c39e90264f33305004495a9","hash":"3dc0e8c4e4db4c5c6dd94c11eb9cc0a7fd83db80"}
,"/Users/samuelberston/Desktop/BO/local-voice/client/src/components/Home/LeftSideBar/LeftSideBar.jsx": {"path":"/Users/samuelberston/Desktop/BO/local-voice/client/src/components/Home/LeftSideBar/LeftSideBar.jsx","statementMap":{"0":{"start":{"line":6,"column":20},"end":{"line":29,"column":1}},"1":{"start":{"line":7,"column":30},"end":{"line":9,"column":3}},"2":{"start":{"line":8,"column":4},"end":{"line":8,"column":21}},"3":{"start":{"line":11,"column":35},"end":{"line":13,"column":3}},"4":{"start":{"line":12,"column":4},"end":{"line":12,"column":26}},"5":{"start":{"line":15,"column":2},"end":{"line":28,"column":4}},"6":{"start":{"line":31,"column":0},"end":{"line":35,"column":2}}},"fnMap":{"0":{"name":"(anonymous_0)","decl":{"start":{"line":6,"column":20},"end":{"line":6,"column":21}},"loc":{"start":{"line":6,"column":97},"end":{"line":29,"column":1}},"line":6},"1":{"name":"(anonymous_1)","decl":{"start":{"line":7,"column":30},"end":{"line":7,"column":31}},"loc":{"start":{"line":7,"column":36},"end":{"line":9,"column":3}},"line":7},"2":{"name":"(anonymous_2)","decl":{"start":{"line":11,"column":35},"end":{"line":11,"column":36}},"loc":{"start":{"line":11,"column":41},"end":{"line":13,"column":3}},"line":11}},"branchMap":{},"s":{"0":2,"1":0,"2":0,"3":0,"4":0,"5":0,"6":2},"f":{"0":0,"1":0,"2":0},"b":{},"_coverageSchema":"1a1c01bbd47fc00a2c39e90264f33305004495a9","hash":"6a4b85518bf0c7e8f24a2f4cdf9cf62cf7abf9f9"}
,"/Users/samuelberston/Desktop/BO/local-voice/client/src/components/Home/LeftSideBar/FilterOptions/FilterOptions.jsx": {"path":"/Users/samuelberston/Desktop/BO/local-voice/client/src/components/Home/LeftSideBar/FilterOptions/FilterOptions.jsx","statementMap":{"0":{"start":{"line":7,"column":4},"end":{"line":7,"column":17}},"1":{"start":{"line":8,"column":4},"end":{"line":10,"column":6}},"2":{"start":{"line":20,"column":41},"end":{"line":20,"column":51}},"3":{"start":{"line":21,"column":4},"end":{"line":35,"column":6}},"4":{"start":{"line":26,"column":12},"end":{"line":31,"column":18}},"5":{"start":{"line":39,"column":0},"end":{"line":42,"column":2}}},"fnMap":{"0":{"name":"(anonymous_0)","decl":{"start":{"line":6,"column":2},"end":{"line":6,"column":3}},"loc":{"start":{"line":6,"column":21},"end":{"line":11,"column":3}},"line":6},"1":{"name":"(anonymous_1)","decl":{"start":{"line":19,"column":2},"end":{"line":19,"column":3}},"loc":{"start":{"line":19,"column":11},"end":{"line":36,"column":3}},"line":19},"2":{"name":"(anonymous_2)","decl":{"start":{"line":25,"column":26},"end":{"line":25,"column":27}},"loc":{"start":{"line":26,"column":12},"end":{"line":31,"column":18}},"line":26}},"branchMap":{},"s":{"0":0,"1":0,"2":0,"3":0,"4":0,"5":2},"f":{"0":0,"1":0,"2":0},"b":{},"_coverageSchema":"1a1c01bbd47fc00a2c39e90264f33305004495a9","hash":"97788a075890b2ac585b58d9887deea6cf78b81e"}
,"/Users/samuelberston/Desktop/BO/local-voice/client/src/components/Home/Main/Main.jsx": {"path":"/Users/samuelberston/Desktop/BO/local-voice/client/src/components/Home/Main/Main.jsx","statementMap":{"0":{"start":{"line":7,"column":13},"end":{"line":15,"column":1}},"1":{"start":{"line":10,"column":2},"end":{"line":14,"column":8}},"2":{"start":{"line":17,"column":0},"end":{"line":23,"column":2}}},"fnMap":{"0":{"name":"(anonymous_0)","decl":{"start":{"line":7,"column":13},"end":{"line":7,"column":14}},"loc":{"start":{"line":10,"column":2},"end":{"line":14,"column":8}},"line":10}},"branchMap":{"0":{"loc":{"start":{"line":11,"column":5},"end":{"line":13,"column":66}},"type":"cond-expr","locations":[{"start":{"line":12,"column":8},"end":{"line":12,"column":89}},{"start":{"line":13,"column":8},"end":{"line":13,"column":66}}],"line":11}},"s":{"0":2,"1":0,"2":2},"f":{"0":0},"b":{"0":[0,0]},"_coverageSchema":"1a1c01bbd47fc00a2c39e90264f33305004495a9","hash":"edff6713fcc13eff35c4e2e8bad569a5192cb8d0"}
,"/Users/samuelberston/Desktop/BO/local-voice/client/src/components/Home/Main/ListView/ListView.jsx": {"path":"/Users/samuelberston/Desktop/BO/local-voice/client/src/components/Home/Main/ListView/ListView.jsx","statementMap":{"0":{"start":{"line":6,"column":17},"end":{"line":16,"column":1}},"1":{"start":{"line":7,"column":2},"end":{"line":15,"column":8}},"2":{"start":{"line":12,"column":8},"end":{"line":12,"column":68}},"3":{"start":{"line":18,"column":0},"end":{"line":21,"column":2}}},"fnMap":{"0":{"name":"(anonymous_0)","decl":{"start":{"line":6,"column":17},"end":{"line":6,"column":18}},"loc":{"start":{"line":7,"column":2},"end":{"line":15,"column":8}},"line":7},"1":{"name":"(anonymous_1)","decl":{"start":{"line":11,"column":27},"end":{"line":11,"column":28}},"loc":{"start":{"line":12,"column":8},"end":{"line":12,"column":68}},"line":12}},"branchMap":{},"s":{"0":2,"1":0,"2":0,"3":2},"f":{"0":0,"1":0},"b":{},"_coverageSchema":"1a1c01bbd47fc00a2c39e90264f33305004495a9","hash":"57c1ca3c5ece67c144e73400ec02926da26a273d"}
,"/Users/samuelberston/Desktop/BO/local-voice/client/src/components/Home/Main/ListView/IssueCard/IssueCard.jsx": {"path":"/Users/samuelberston/Desktop/BO/local-voice/client/src/components/Home/Main/ListView/IssueCard/IssueCard.jsx","statementMap":{"0":{"start":{"line":15,"column":4},"end":{"line":15,"column":17}},"1":{"start":{"line":16,"column":4},"end":{"line":22,"column":6}},"2":{"start":{"line":23,"column":4},"end":{"line":23,"column":39}},"3":{"start":{"line":24,"column":4},"end":{"line":24,"column":43}},"4":{"start":{"line":25,"column":4},"end":{"line":25,"column":37}},"5":{"start":{"line":26,"column":4},"end":{"line":26,"column":43}},"6":{"start":{"line":27,"column":4},"end":{"line":27,"column":47}},"7":{"start":{"line":28,"column":4},"end":{"line":28,"column":41}},"8":{"start":{"line":29,"column":4},"end":{"line":29,"column":63}},"9":{"start":{"line":30,"column":4},"end":{"line":30,"column":59}},"10":{"start":{"line":34,"column":31},"end":{"line":34,"column":41}},"11":{"start":{"line":35,"column":4},"end":{"line":35,"column":44}},"12":{"start":{"line":36,"column":4},"end":{"line":36,"column":29}},"13":{"start":{"line":40,"column":22},"end":{"line":40,"column":32}},"14":{"start":{"line":41,"column":25},"end":{"line":41,"column":30}},"15":{"start":{"line":42,"column":4},"end":{"line":46,"column":38}},"16":{"start":{"line":44,"column":8},"end":{"line":44,"column":53}},"17":{"start":{"line":46,"column":24},"end":{"line":46,"column":34}},"18":{"start":{"line":50,"column":4},"end":{"line":50,"column":45}},"19":{"start":{"line":54,"column":4},"end":{"line":56,"column":7}},"20":{"start":{"line":58,"column":22},"end":{"line":58,"column":32}},"21":{"start":{"line":59,"column":34},"end":{"line":59,"column":39}},"22":{"start":{"line":60,"column":4},"end":{"line":61,"column":38}},"23":{"start":{"line":61,"column":24},"end":{"line":61,"column":34}},"24":{"start":{"line":65,"column":4},"end":{"line":67,"column":7}},"25":{"start":{"line":69,"column":22},"end":{"line":69,"column":32}},"26":{"start":{"line":70,"column":34},"end":{"line":70,"column":39}},"27":{"start":{"line":71,"column":4},"end":{"line":72,"column":38}},"28":{"start":{"line":72,"column":24},"end":{"line":72,"column":34}},"29":{"start":{"line":76,"column":4},"end":{"line":78,"column":7}},"30":{"start":{"line":80,"column":22},"end":{"line":80,"column":32}},"31":{"start":{"line":81,"column":34},"end":{"line":81,"column":39}},"32":{"start":{"line":82,"column":4},"end":{"line":83,"column":38}},"33":{"start":{"line":83,"column":24},"end":{"line":83,"column":34}},"34":{"start":{"line":87,"column":4},"end":{"line":89,"column":7}},"35":{"start":{"line":91,"column":22},"end":{"line":91,"column":32}},"36":{"start":{"line":92,"column":34},"end":{"line":92,"column":39}},"37":{"start":{"line":93,"column":4},"end":{"line":94,"column":38}},"38":{"start":{"line":94,"column":24},"end":{"line":94,"column":34}},"39":{"start":{"line":98,"column":4},"end":{"line":100,"column":7}},"40":{"start":{"line":102,"column":22},"end":{"line":102,"column":32}},"41":{"start":{"line":103,"column":34},"end":{"line":103,"column":39}},"42":{"start":{"line":104,"column":4},"end":{"line":105,"column":38}},"43":{"start":{"line":105,"column":24},"end":{"line":105,"column":34}},"44":{"start":{"line":109,"column":4},"end":{"line":111,"column":7}},"45":{"start":{"line":113,"column":22},"end":{"line":113,"column":32}},"46":{"start":{"line":114,"column":34},"end":{"line":114,"column":39}},"47":{"start":{"line":115,"column":4},"end":{"line":116,"column":38}},"48":{"start":{"line":116,"column":24},"end":{"line":116,"column":34}},"49":{"start":{"line":122,"column":8},"end":{"line":122,"column":18}},"50":{"start":{"line":123,"column":28},"end":{"line":123,"column":38}},"51":{"start":{"line":127,"column":8},"end":{"line":127,"column":13}},"52":{"start":{"line":128,"column":4},"end":{"line":197,"column":6}},"53":{"start":{"line":134,"column":12},"end":{"line":136,"column":18}},"54":{"start":{"line":143,"column":12},"end":{"line":143,"column":61}},"55":{"start":{"line":190,"column":65},"end":{"line":190,"column":97}},"56":{"start":{"line":201,"column":0},"end":{"line":204,"column":2}}},"fnMap":{"0":{"name":"(anonymous_0)","decl":{"start":{"line":14,"column":2},"end":{"line":14,"column":3}},"loc":{"start":{"line":14,"column":21},"end":{"line":31,"column":3}},"line":14},"1":{"name":"(anonymous_1)","decl":{"start":{"line":33,"column":2},"end":{"line":33,"column":3}},"loc":{"start":{"line":33,"column":30},"end":{"line":37,"column":3}},"line":33},"2":{"name":"(anonymous_2)","decl":{"start":{"line":39,"column":2},"end":{"line":39,"column":3}},"loc":{"start":{"line":39,"column":22},"end":{"line":47,"column":3}},"line":39},"3":{"name":"(anonymous_3)","decl":{"start":{"line":43,"column":12},"end":{"line":43,"column":13}},"loc":{"start":{"line":43,"column":22},"end":{"line":45,"column":7}},"line":43},"4":{"name":"(anonymous_4)","decl":{"start":{"line":46,"column":13},"end":{"line":46,"column":14}},"loc":{"start":{"line":46,"column":22},"end":{"line":46,"column":36}},"line":46},"5":{"name":"(anonymous_5)","decl":{"start":{"line":49,"column":2},"end":{"line":49,"column":3}},"loc":{"start":{"line":49,"column":20},"end":{"line":51,"column":3}},"line":49},"6":{"name":"(anonymous_6)","decl":{"start":{"line":53,"column":2},"end":{"line":53,"column":3}},"loc":{"start":{"line":53,"column":12},"end":{"line":62,"column":3}},"line":53},"7":{"name":"(anonymous_7)","decl":{"start":{"line":61,"column":13},"end":{"line":61,"column":14}},"loc":{"start":{"line":61,"column":22},"end":{"line":61,"column":36}},"line":61},"8":{"name":"(anonymous_8)","decl":{"start":{"line":64,"column":2},"end":{"line":64,"column":3}},"loc":{"start":{"line":64,"column":14},"end":{"line":73,"column":3}},"line":64},"9":{"name":"(anonymous_9)","decl":{"start":{"line":72,"column":13},"end":{"line":72,"column":14}},"loc":{"start":{"line":72,"column":22},"end":{"line":72,"column":36}},"line":72},"10":{"name":"(anonymous_10)","decl":{"start":{"line":75,"column":2},"end":{"line":75,"column":3}},"loc":{"start":{"line":75,"column":9},"end":{"line":84,"column":3}},"line":75},"11":{"name":"(anonymous_11)","decl":{"start":{"line":83,"column":13},"end":{"line":83,"column":14}},"loc":{"start":{"line":83,"column":22},"end":{"line":83,"column":36}},"line":83},"12":{"name":"(anonymous_12)","decl":{"start":{"line":86,"column":2},"end":{"line":86,"column":3}},"loc":{"start":{"line":86,"column":11},"end":{"line":95,"column":3}},"line":86},"13":{"name":"(anonymous_13)","decl":{"start":{"line":94,"column":13},"end":{"line":94,"column":14}},"loc":{"start":{"line":94,"column":22},"end":{"line":94,"column":36}},"line":94},"14":{"name":"(anonymous_14)","decl":{"start":{"line":97,"column":2},"end":{"line":97,"column":3}},"loc":{"start":{"line":97,"column":10},"end":{"line":106,"column":3}},"line":97},"15":{"name":"(anonymous_15)","decl":{"start":{"line":105,"column":13},"end":{"line":105,"column":14}},"loc":{"start":{"line":105,"column":22},"end":{"line":105,"column":36}},"line":105},"16":{"name":"(anonymous_16)","decl":{"start":{"line":108,"column":2},"end":{"line":108,"column":3}},"loc":{"start":{"line":108,"column":12},"end":{"line":117,"column":3}},"line":108},"17":{"name":"(anonymous_17)","decl":{"start":{"line":116,"column":13},"end":{"line":116,"column":14}},"loc":{"start":{"line":116,"column":22},"end":{"line":116,"column":36}},"line":116},"18":{"name":"(anonymous_18)","decl":{"start":{"line":119,"column":2},"end":{"line":119,"column":3}},"loc":{"start":{"line":119,"column":11},"end":{"line":198,"column":3}},"line":119},"19":{"name":"(anonymous_19)","decl":{"start":{"line":133,"column":26},"end":{"line":133,"column":27}},"loc":{"start":{"line":134,"column":12},"end":{"line":136,"column":18}},"line":134},"20":{"name":"(anonymous_20)","decl":{"start":{"line":142,"column":22},"end":{"line":142,"column":23}},"loc":{"start":{"line":143,"column":12},"end":{"line":143,"column":61}},"line":143},"21":{"name":"(anonymous_21)","decl":{"start":{"line":190,"column":59},"end":{"line":190,"column":60}},"loc":{"start":{"line":190,"column":65},"end":{"line":190,"column":97}},"line":190},"22":{"name":"(anonymous_22)","decl":{"start":{"line":190,"column":111},"end":{"line":190,"column":112}},"loc":{"start":{"line":190,"column":117},"end":{"line":190,"column":119}},"line":190}},"branchMap":{"0":{"loc":{"start":{"line":146,"column":9},"end":{"line":159,"column":11}},"type":"cond-expr","locations":[{"start":{"line":148,"column":12},"end":{"line":152,"column":18}},{"start":{"line":154,"column":12},"end":{"line":158,"column":18}}],"line":146},"1":{"loc":{"start":{"line":160,"column":9},"end":{"line":175,"column":11}},"type":"cond-expr","locations":[{"start":{"line":162,"column":12},"end":{"line":167,"column":18}},{"start":{"line":169,"column":12},"end":{"line":174,"column":18}}],"line":160},"2":{"loc":{"start":{"line":176,"column":9},"end":{"line":189,"column":11}},"type":"cond-expr","locations":[{"start":{"line":178,"column":12},"end":{"line":182,"column":18}},{"start":{"line":184,"column":12},"end":{"line":188,"column":18}}],"line":176},"3":{"loc":{"start":{"line":192,"column":11},"end":{"line":194,"column":16}},"type":"cond-expr","locations":[{"start":{"line":193,"column":14},"end":{"line":193,"column":86}},{"start":{"line":194,"column":14},"end":{"line":194,"column":16}}],"line":192}},"s":{"0":0,"1":0,"2":0,"3":0,"4":0,"5":0,"6":0,"7":0,"8":0,"9":0,"10":0,"11":0,"12":0,"13":0,"14":0,"15":0,"16":0,"17":0,"18":0,"19":0,"20":0,"21":0,"22":0,"23":0,"24":0,"25":0,"26":0,"27":0,"28":0,"29":0,"30":0,"31":0,"32":0,"33":0,"34":0,"35":0,"36":0,"37":0,"38":0,"39":0,"40":0,"41":0,"42":0,"43":0,"44":0,"45":0,"46":0,"47":0,"48":0,"49":0,"50":0,"51":0,"52":0,"53":0,"54":0,"55":0,"56":2},"f":{"0":0,"1":0,"2":0,"3":0,"4":0,"5":0,"6":0,"7":0,"8":0,"9":0,"10":0,"11":0,"12":0,"13":0,"14":0,"15":0,"16":0,"17":0,"18":0,"19":0,"20":0,"21":0,"22":0},"b":{"0":[0,0],"1":[0,0],"2":[0,0],"3":[0,0]},"_coverageSchema":"1a1c01bbd47fc00a2c39e90264f33305004495a9","hash":"ca5cfe006a372d413f4f273ea8669e25cf58c553"}
,"/Users/samuelberston/Desktop/BO/local-voice/client/src/components/Home/Main/ListView/IssueCard/Discussion/Discussion.jsx": {"path":"/Users/samuelberston/Desktop/BO/local-voice/client/src/components/Home/Main/ListView/IssueCard/Discussion/Discussion.jsx","statementMap":{"0":{"start":{"line":7,"column":19},"end":{"line":16,"column":1}},"1":{"start":{"line":8,"column":2},"end":{"line":15,"column":8}},"2":{"start":{"line":11,"column":8},"end":{"line":11,"column":78}},"3":{"start":{"line":18,"column":0},"end":{"line":22,"column":2}}},"fnMap":{"0":{"name":"(anonymous_0)","decl":{"start":{"line":7,"column":19},"end":{"line":7,"column":20}},"loc":{"start":{"line":8,"column":2},"end":{"line":15,"column":8}},"line":8},"1":{"name":"(anonymous_1)","decl":{"start":{"line":10,"column":26},"end":{"line":10,"column":27}},"loc":{"start":{"line":11,"column":8},"end":{"line":11,"column":78}},"line":11}},"branchMap":{},"s":{"0":2,"1":0,"2":0,"3":2},"f":{"0":0,"1":0},"b":{},"_coverageSchema":"1a1c01bbd47fc00a2c39e90264f33305004495a9","hash":"29f866aac83ceef937f0c3d98da0a7ee3b2c6827"}
,"/Users/samuelberston/Desktop/BO/local-voice/client/src/components/Home/Main/ListView/IssueCard/Discussion/AddComment/AddComment.jsx": {"path":"/Users/samuelberston/Desktop/BO/local-voice/client/src/components/Home/Main/ListView/IssueCard/Discussion/AddComment/AddComment.jsx","statementMap":{"0":{"start":{"line":10,"column":4},"end":{"line":10,"column":17}},"1":{"start":{"line":11,"column":4},"end":{"line":13,"column":6}},"2":{"start":{"line":14,"column":4},"end":{"line":14,"column":53}},"3":{"start":{"line":15,"column":4},"end":{"line":15,"column":51}},"4":{"start":{"line":19,"column":4},"end":{"line":21,"column":7}},"5":{"start":{"line":25,"column":4},"end":{"line":25,"column":23}},"6":{"start":{"line":26,"column":21},"end":{"line":26,"column":31}},"7":{"start":{"line":27,"column":28},"end":{"line":27,"column":38}},"8":{"start":{"line":28,"column":4},"end":{"line":35,"column":40}},"9":{"start":{"line":34,"column":22},"end":{"line":34,"column":44}},"10":{"start":{"line":35,"column":22},"end":{"line":35,"column":38}},"11":{"start":{"line":36,"column":4},"end":{"line":38,"column":7}},"12":{"start":{"line":42,"column":21},"end":{"line":42,"column":31}},"13":{"start":{"line":43,"column":4},"end":{"line":50,"column":6}},"14":{"start":{"line":54,"column":0},"end":{"line":57,"column":2}}},"fnMap":{"0":{"name":"(anonymous_0)","decl":{"start":{"line":9,"column":2},"end":{"line":9,"column":3}},"loc":{"start":{"line":9,"column":21},"end":{"line":16,"column":3}},"line":9},"1":{"name":"(anonymous_1)","decl":{"start":{"line":18,"column":2},"end":{"line":18,"column":3}},"loc":{"start":{"line":18,"column":18},"end":{"line":22,"column":3}},"line":18},"2":{"name":"(anonymous_2)","decl":{"start":{"line":24,"column":2},"end":{"line":24,"column":3}},"loc":{"start":{"line":24,"column":17},"end":{"line":39,"column":3}},"line":24},"3":{"name":"(anonymous_3)","decl":{"start":{"line":34,"column":12},"end":{"line":34,"column":13}},"loc":{"start":{"line":34,"column":22},"end":{"line":34,"column":44}},"line":34},"4":{"name":"(anonymous_4)","decl":{"start":{"line":35,"column":13},"end":{"line":35,"column":14}},"loc":{"start":{"line":35,"column":22},"end":{"line":35,"column":38}},"line":35},"5":{"name":"(anonymous_5)","decl":{"start":{"line":41,"column":2},"end":{"line":41,"column":3}},"loc":{"start":{"line":41,"column":11},"end":{"line":51,"column":3}},"line":41}},"branchMap":{},"s":{"0":0,"1":0,"2":0,"3":0,"4":0,"5":0,"6":0,"7":0,"8":0,"9":0,"10":0,"11":0,"12":0,"13":0,"14":2},"f":{"0":0,"1":0,"2":0,"3":0,"4":0,"5":0},"b":{},"_coverageSchema":"1a1c01bbd47fc00a2c39e90264f33305004495a9","hash":"7a1fcc29f2398122b78f9b6cbb27c6050ac35d0a"}
,"/Users/samuelberston/Desktop/BO/local-voice/client/src/components/Home/Main/ListView/IssueCard/Discussion/CommentCard/CommentCard.jsx": {"path":"/Users/samuelberston/Desktop/BO/local-voice/client/src/components/Home/Main/ListView/IssueCard/Discussion/CommentCard/CommentCard.jsx","statementMap":{"0":{"start":{"line":4,"column":20},"end":{"line":9,"column":1}},"1":{"start":{"line":5,"column":2},"end":{"line":8,"column":8}},"2":{"start":{"line":11,"column":0},"end":{"line":14,"column":2}}},"fnMap":{"0":{"name":"(anonymous_0)","decl":{"start":{"line":4,"column":20},"end":{"line":4,"column":21}},"loc":{"start":{"line":5,"column":2},"end":{"line":8,"column":8}},"line":5}},"branchMap":{},"s":{"0":2,"1":0,"2":2},"f":{"0":0},"b":{},"_coverageSchema":"1a1c01bbd47fc00a2c39e90264f33305004495a9","hash":"14db542a7870b92d35880f0da3252c02285386f6"}
,"/Users/samuelberston/Desktop/BO/local-voice/client/src/components/Home/Main/MapView/MapView.jsx": {"path":"/Users/samuelberston/Desktop/BO/local-voice/client/src/components/Home/Main/MapView/MapView.jsx","statementMap":{"0":{"start":{"line":13,"column":18},"end":{"line":16,"column":1}},"1":{"start":{"line":18,"column":25},"end":{"line":22,"column":1}},"2":{"start":{"line":26,"column":4},"end":{"line":26,"column":17}},"3":{"start":{"line":27,"column":25},"end":{"line":27,"column":35}},"4":{"start":{"line":28,"column":4},"end":{"line":34,"column":6}},"5":{"start":{"line":35,"column":4},"end":{"line":35,"column":55}},"6":{"start":{"line":36,"column":4},"end":{"line":36,"column":43}},"7":{"start":{"line":37,"column":4},"end":{"line":37,"column":57}},"8":{"start":{"line":38,"column":4},"end":{"line":38,"column":63}},"9":{"start":{"line":39,"column":4},"end":{"line":39,"column":53}},"10":{"start":{"line":40,"column":4},"end":{"line":40,"column":59}},"11":{"start":{"line":44,"column":4},"end":{"line":44,"column":27}},"12":{"start":{"line":49,"column":4},"end":{"line":54,"column":5}},"13":{"start":{"line":50,"column":6},"end":{"line":53,"column":9}},"14":{"start":{"line":58,"column":4},"end":{"line":62,"column":31}},"15":{"start":{"line":66,"column":23},"end":{"line":66,"column":33}},"16":{"start":{"line":67,"column":16},"end":{"line":67,"column":37}},"17":{"start":{"line":68,"column":16},"end":{"line":68,"column":37}},"18":{"start":{"line":69,"column":21},"end":{"line":69,"column":33}},"19":{"start":{"line":70,"column":4},"end":{"line":72,"column":7}},"20":{"start":{"line":73,"column":4},"end":{"line":73,"column":21}},"21":{"start":{"line":77,"column":23},"end":{"line":77,"column":33}},"22":{"start":{"line":78,"column":4},"end":{"line":89,"column":5}},"23":{"start":{"line":79,"column":6},"end":{"line":88,"column":9}},"24":{"start":{"line":80,"column":25},"end":{"line":83,"column":9}},"25":{"start":{"line":84,"column":8},"end":{"line":86,"column":11}},"26":{"start":{"line":87,"column":8},"end":{"line":87,"column":25}},"27":{"start":{"line":93,"column":4},"end":{"line":105,"column":7}},"28":{"start":{"line":94,"column":6},"end":{"line":104,"column":8}},"29":{"start":{"line":109,"column":4},"end":{"line":129,"column":6}},"30":{"start":{"line":133,"column":30},"end":{"line":133,"column":40}},"31":{"start":{"line":136,"column":4},"end":{"line":138,"column":6}},"32":{"start":{"line":142,"column":32},"end":{"line":142,"column":42}},"33":{"start":{"line":143,"column":25},"end":{"line":143,"column":35}},"34":{"start":{"line":144,"column":25},"end":{"line":144,"column":33}},"35":{"start":{"line":145,"column":4},"end":{"line":160,"column":6}},"36":{"start":{"line":154,"column":40},"end":{"line":154,"column":72}},"37":{"start":{"line":168,"column":0},"end":{"line":171,"column":2}}},"fnMap":{"0":{"name":"(anonymous_0)","decl":{"start":{"line":25,"column":2},"end":{"line":25,"column":3}},"loc":{"start":{"line":25,"column":21},"end":{"line":41,"column":3}},"line":25},"1":{"name":"(anonymous_1)","decl":{"start":{"line":43,"column":2},"end":{"line":43,"column":3}},"loc":{"start":{"line":43,"column":22},"end":{"line":46,"column":3}},"line":43},"2":{"name":"(anonymous_2)","decl":{"start":{"line":48,"column":2},"end":{"line":48,"column":3}},"loc":{"start":{"line":48,"column":17},"end":{"line":55,"column":3}},"line":48},"3":{"name":"(anonymous_3)","decl":{"start":{"line":57,"column":2},"end":{"line":57,"column":3}},"loc":{"start":{"line":57,"column":34},"end":{"line":63,"column":3}},"line":57},"4":{"name":"(anonymous_4)","decl":{"start":{"line":65,"column":2},"end":{"line":65,"column":3}},"loc":{"start":{"line":65,"column":30},"end":{"line":74,"column":3}},"line":65},"5":{"name":"(anonymous_5)","decl":{"start":{"line":76,"column":2},"end":{"line":76,"column":3}},"loc":{"start":{"line":76,"column":20},"end":{"line":90,"column":3}},"line":76},"6":{"name":"(anonymous_6)","decl":{"start":{"line":79,"column":47},"end":{"line":79,"column":48}},"loc":{"start":{"line":79,"column":61},"end":{"line":88,"column":7}},"line":79},"7":{"name":"(anonymous_7)","decl":{"start":{"line":92,"column":2},"end":{"line":92,"column":3}},"loc":{"start":{"line":92,"column":19},"end":{"line":106,"column":3}},"line":92},"8":{"name":"(anonymous_8)","decl":{"start":{"line":93,"column":42},"end":{"line":93,"column":43}},"loc":{"start":{"line":94,"column":6},"end":{"line":104,"column":8}},"line":94},"9":{"name":"(anonymous_9)","decl":{"start":{"line":108,"column":2},"end":{"line":108,"column":3}},"loc":{"start":{"line":108,"column":22},"end":{"line":130,"column":3}},"line":108},"10":{"name":"(anonymous_10)","decl":{"start":{"line":132,"column":2},"end":{"line":132,"column":3}},"loc":{"start":{"line":132,"column":22},"end":{"line":139,"column":3}},"line":132},"11":{"name":"(anonymous_11)","decl":{"start":{"line":141,"column":2},"end":{"line":141,"column":3}},"loc":{"start":{"line":141,"column":11},"end":{"line":161,"column":3}},"line":141},"12":{"name":"(anonymous_12)","decl":{"start":{"line":154,"column":21},"end":{"line":154,"column":22}},"loc":{"start":{"line":154,"column":40},"end":{"line":154,"column":72}},"line":154}},"branchMap":{"0":{"loc":{"start":{"line":49,"column":4},"end":{"line":54,"column":5}},"type":"if","locations":[{"start":{"line":49,"column":4},"end":{"line":54,"column":5}},{"start":{"line":49,"column":4},"end":{"line":54,"column":5}}],"line":49},"1":{"loc":{"start":{"line":78,"column":4},"end":{"line":89,"column":5}},"type":"if","locations":[{"start":{"line":78,"column":4},"end":{"line":89,"column":5}},{"start":{"line":78,"column":4},"end":{"line":89,"column":5}}],"line":78}},"s":{"0":2,"1":2,"2":0,"3":0,"4":0,"5":0,"6":0,"7":0,"8":0,"9":0,"10":0,"11":0,"12":0,"13":0,"14":0,"15":0,"16":0,"17":0,"18":0,"19":0,"20":0,"21":0,"22":0,"23":0,"24":0,"25":0,"26":0,"27":0,"28":0,"29":0,"30":0,"31":0,"32":0,"33":0,"34":0,"35":0,"36":0,"37":2},"f":{"0":0,"1":0,"2":0,"3":0,"4":0,"5":0,"6":0,"7":0,"8":0,"9":0,"10":0,"11":0,"12":0},"b":{"0":[0,0],"1":[0,0]},"_coverageSchema":"1a1c01bbd47fc00a2c39e90264f33305004495a9","hash":"94fa02761fe4390fbc0554dd5487934bf6dbfdfa"}
,"/Users/samuelberston/Desktop/BO/local-voice/client/src/components/Home/Main/MapView/MapIssueModal/MapIssueModal.jsx": {"path":"/Users/samuelberston/Desktop/BO/local-voice/client/src/components/Home/Main/MapView/MapIssueModal/MapIssueModal.jsx","statementMap":{"0":{"start":{"line":8,"column":4},"end":{"line":8,"column":17}},"1":{"start":{"line":9,"column":4},"end":{"line":11,"column":6}},"2":{"start":{"line":15,"column":24},"end":{"line":15,"column":34}},"3":{"start":{"line":16,"column":4},"end":{"line":26,"column":6}}},"fnMap":{"0":{"name":"(anonymous_0)","decl":{"start":{"line":7,"column":2},"end":{"line":7,"column":3}},"loc":{"start":{"line":7,"column":21},"end":{"line":12,"column":3}},"line":7},"1":{"name":"(anonymous_1)","decl":{"start":{"line":14,"column":2},"end":{"line":14,"column":3}},"loc":{"start":{"line":14,"column":11},"end":{"line":27,"column":3}},"line":14}},"branchMap":{"0":{"loc":{"start":{"line":18,"column":9},"end":{"line":24,"column":21}},"type":"cond-expr","locations":[{"start":{"line":20,"column":12},"end":{"line":22,"column":21}},{"start":{"line":24,"column":12},"end":{"line":24,"column":21}}],"line":18}},"s":{"0":0,"1":0,"2":0,"3":0},"f":{"0":0,"1":0},"b":{"0":[0,0]},"_coverageSchema":"1a1c01bbd47fc00a2c39e90264f33305004495a9","hash":"69f9d02666bc44fb9683f7ea6dfc955cc9a7f83d"}
,"/Users/samuelberston/Desktop/BO/local-voice/client/src/components/Home/RightSideBar/RightSideBar.jsx": {"path":"/Users/samuelberston/Desktop/BO/local-voice/client/src/components/Home/RightSideBar/RightSideBar.jsx","statementMap":{"0":{"start":{"line":5,"column":21},"end":{"line":9,"column":1}},"1":{"start":{"line":6,"column":2},"end":{"line":8,"column":8}}},"fnMap":{"0":{"name":"(anonymous_0)","decl":{"start":{"line":5,"column":21},"end":{"line":5,"column":22}},"loc":{"start":{"line":6,"column":2},"end":{"line":8,"column":8}},"line":6}},"branchMap":{},"s":{"0":2,"1":0},"f":{"0":0},"b":{},"_coverageSchema":"1a1c01bbd47fc00a2c39e90264f33305004495a9","hash":"aa6f8391b0f702b2212bc19ef5f2a637c76ebfa7"}
,"/Users/samuelberston/Desktop/BO/local-voice/client/src/components/LogIn/LogIn.jsx": {"path":"/Users/samuelberston/Desktop/BO/local-voice/client/src/components/LogIn/LogIn.jsx","statementMap":{},"fnMap":{},"branchMap":{},"s":{},"f":{},"b":{},"_coverageSchema":"1a1c01bbd47fc00a2c39e90264f33305004495a9","hash":"0a305fd63812c807fec435d8508486d12d271068"}
,"/Users/samuelberston/Desktop/BO/local-voice/db/index.js": {"path":"/Users/samuelberston/Desktop/BO/local-voice/db/index.js","statementMap":{"0":{"start":{"line":1,"column":14},"end":{"line":1,"column":30}},"1":{"start":{"line":3,"column":19},"end":{"line":9,"column":2}},"2":{"start":{"line":11,"column":0},"end":{"line":14,"column":3}},"3":{"start":{"line":12,"column":2},"end":{"line":12,"column":25}},"4":{"start":{"line":12,"column":13},"end":{"line":12,"column":23}},"5":{"start":{"line":13,"column":2},"end":{"line":13,"column":33}},"6":{"start":{"line":16,"column":0},"end":{"line":16,"column":28}}},"fnMap":{"0":{"name":"(anonymous_0)","decl":{"start":{"line":11,"column":19},"end":{"line":11,"column":20}},"loc":{"start":{"line":11,"column":28},"end":{"line":14,"column":1}},"line":11}},"branchMap":{"0":{"loc":{"start":{"line":12,"column":2},"end":{"line":12,"column":25}},"type":"if","locations":[{"start":{"line":12,"column":2},"end":{"line":12,"column":25}},{"start":{"line":12,"column":2},"end":{"line":12,"column":25}}],"line":12}},"s":{"0":1,"1":1,"2":1,"3":0,"4":0,"5":0,"6":1},"f":{"0":0},"b":{"0":[0,0]},"_coverageSchema":"1a1c01bbd47fc00a2c39e90264f33305004495a9","hash":"498b0c2fb14893b2ec931b947947cf43c6513e9a"}
,"/Users/samuelberston/Desktop/BO/local-voice/server/server.js": {"path":"/Users/samuelberston/Desktop/BO/local-voice/server/server.js","statementMap":{"0":{"start":{"line":1,"column":16},"end":{"line":1,"column":34}},"1":{"start":{"line":3,"column":12},"end":{"line":3,"column":21}},"2":{"start":{"line":4,"column":13},"end":{"line":4,"column":17}},"3":{"start":{"line":5,"column":13},"end":{"line":5,"column":28}},"4":{"start":{"line":6,"column":15},"end":{"line":6,"column":44}},"5":{"start":{"line":7,"column":25},"end":{"line":7,"column":64}},"6":{"start":{"line":8,"column":15},"end":{"line":8,"column":41}},"7":{"start":{"line":10,"column":0},"end":{"line":10,"column":24}},"8":{"start":{"line":11,"column":0},"end":{"line":11,"column":66}},"9":{"start":{"line":13,"column":0},"end":{"line":13,"column":21}},"10":{"start":{"line":14,"column":0},"end":{"line":14,"column":40}},"11":{"start":{"line":16,"column":0},"end":{"line":18,"column":3}},"12":{"start":{"line":17,"column":2},"end":{"line":17,"column":19}},"13":{"start":{"line":19,"column":15},"end":{"line":21,"column":2}},"14":{"start":{"line":20,"column":2},"end":{"line":20,"column":67}},"15":{"start":{"line":23,"column":0},"end":{"line":26,"column":2}}},"fnMap":{"0":{"name":"(anonymous_0)","decl":{"start":{"line":16,"column":17},"end":{"line":16,"column":18}},"loc":{"start":{"line":16,"column":31},"end":{"line":18,"column":1}},"line":16},"1":{"name":"(anonymous_1)","decl":{"start":{"line":19,"column":32},"end":{"line":19,"column":33}},"loc":{"start":{"line":19,"column":38},"end":{"line":21,"column":1}},"line":19}},"branchMap":{},"s":{"0":1,"1":1,"2":1,"3":1,"4":1,"5":1,"6":1,"7":1,"8":1,"9":1,"10":1,"11":1,"12":0,"13":1,"14":0,"15":1},"f":{"0":0,"1":0},"b":{},"_coverageSchema":"1a1c01bbd47fc00a2c39e90264f33305004495a9","hash":"dedc52b63b5173889ad2257a8d22825fc37c1562"}
,"/Users/samuelberston/Desktop/BO/local-voice/server/controllers/commentsControllers.js": {"path":"/Users/samuelberston/Desktop/BO/local-voice/server/controllers/commentsControllers.js","statementMap":{"0":{"start":{"line":1,"column":11},"end":{"line":1,"column":39}},"1":{"start":{"line":3,"column":20},"end":{"line":10,"column":1}},"2":{"start":{"line":4,"column":23},"end":{"line":4,"column":32}},"3":{"start":{"line":5,"column":16},"end":{"line":5,"column":69}},"4":{"start":{"line":6,"column":2},"end":{"line":9,"column":5}},"5":{"start":{"line":7,"column":4},"end":{"line":7,"column":27}},"6":{"start":{"line":7,"column":15},"end":{"line":7,"column":25}},"7":{"start":{"line":8,"column":4},"end":{"line":8,"column":34}},"8":{"start":{"line":12,"column":20},"end":{"line":21,"column":1}},"9":{"start":{"line":15,"column":6},"end":{"line":15,"column":14}},"10":{"start":{"line":16,"column":16},"end":{"line":16,"column":129}},"11":{"start":{"line":17,"column":2},"end":{"line":20,"column":5}},"12":{"start":{"line":18,"column":4},"end":{"line":18,"column":27}},"13":{"start":{"line":18,"column":15},"end":{"line":18,"column":25}},"14":{"start":{"line":19,"column":4},"end":{"line":19,"column":33}},"15":{"start":{"line":23,"column":0},"end":{"line":26,"column":2}}},"fnMap":{"0":{"name":"(anonymous_0)","decl":{"start":{"line":3,"column":20},"end":{"line":3,"column":21}},"loc":{"start":{"line":3,"column":34},"end":{"line":10,"column":1}},"line":3},"1":{"name":"(anonymous_1)","decl":{"start":{"line":6,"column":18},"end":{"line":6,"column":19}},"loc":{"start":{"line":6,"column":36},"end":{"line":9,"column":3}},"line":6},"2":{"name":"(anonymous_2)","decl":{"start":{"line":12,"column":20},"end":{"line":12,"column":21}},"loc":{"start":{"line":12,"column":34},"end":{"line":21,"column":1}},"line":12},"3":{"name":"(anonymous_3)","decl":{"start":{"line":17,"column":18},"end":{"line":17,"column":19}},"loc":{"start":{"line":17,"column":35},"end":{"line":20,"column":3}},"line":17}},"branchMap":{"0":{"loc":{"start":{"line":7,"column":4},"end":{"line":7,"column":27}},"type":"if","locations":[{"start":{"line":7,"column":4},"end":{"line":7,"column":27}},{"start":{"line":7,"column":4},"end":{"line":7,"column":27}}],"line":7},"1":{"loc":{"start":{"line":18,"column":4},"end":{"line":18,"column":27}},"type":"if","locations":[{"start":{"line":18,"column":4},"end":{"line":18,"column":27}},{"start":{"line":18,"column":4},"end":{"line":18,"column":27}}],"line":18}},"s":{"0":1,"1":1,"2":0,"3":0,"4":0,"5":0,"6":0,"7":0,"8":1,"9":0,"10":0,"11":0,"12":0,"13":0,"14":0,"15":1},"f":{"0":0,"1":0,"2":0,"3":0},"b":{"0":[0,0],"1":[0,0]},"_coverageSchema":"1a1c01bbd47fc00a2c39e90264f33305004495a9","hash":"cd3b0eaa5cd517cb8793c52c3de9b0f9b0ec662a"}
,"/Users/samuelberston/Desktop/BO/local-voice/server/controllers/issuesControllers.js": {"path":"/Users/samuelberston/Desktop/BO/local-voice/server/controllers/issuesControllers.js","statementMap":{"0":{"start":{"line":1,"column":11},"end":{"line":1,"column":39}},"1":{"start":{"line":6,"column":18},"end":{"line":58,"column":1}},"2":{"start":{"line":7,"column":32},"end":{"line":7,"column":41}},"3":{"start":{"line":8,"column":17},"end":{"line":8,"column":42}},"4":{"start":{"line":9,"column":17},"end":{"line":9,"column":34}},"5":{"start":{"line":10,"column":17},"end":{"line":10,"column":42}},"6":{"start":{"line":11,"column":17},"end":{"line":11,"column":34}},"7":{"start":{"line":12,"column":16},"end":{"line":20,"column":25}},"8":{"start":{"line":21,"column":2},"end":{"line":57,"column":5}},"9":{"start":{"line":22,"column":4},"end":{"line":22,"column":27}},"10":{"start":{"line":22,"column":15},"end":{"line":22,"column":25}},"11":{"start":{"line":23,"column":22},"end":{"line":23,"column":24}},"12":{"start":{"line":24,"column":4},"end":{"line":42,"column":7}},"13":{"start":{"line":25,"column":6},"end":{"line":41,"column":7}},"14":{"start":{"line":26,"column":23},"end":{"line":26,"column":26}},"15":{"start":{"line":27,"column":8},"end":{"line":27,"column":31}},"16":{"start":{"line":28,"column":8},"end":{"line":28,"column":27}},"17":{"start":{"line":29,"column":8},"end":{"line":29,"column":45}},"18":{"start":{"line":30,"column":8},"end":{"line":30,"column":43}},"19":{"start":{"line":31,"column":8},"end":{"line":31,"column":31}},"20":{"start":{"line":32,"column":8},"end":{"line":32,"column":33}},"21":{"start":{"line":33,"column":8},"end":{"line":33,"column":41}},"22":{"start":{"line":35,"column":8},"end":{"line":37,"column":9}},"23":{"start":{"line":36,"column":10},"end":{"line":36,"column":64}},"24":{"start":{"line":38,"column":8},"end":{"line":40,"column":9}},"25":{"start":{"line":39,"column":10},"end":{"line":39,"column":62}},"26":{"start":{"line":43,"column":21},"end":{"line":43,"column":23}},"27":{"start":{"line":44,"column":4},"end":{"line":46,"column":7}},"28":{"start":{"line":45,"column":6},"end":{"line":45,"column":36}},"29":{"start":{"line":47,"column":25},"end":{"line":47,"column":89}},"30":{"start":{"line":48,"column":4},"end":{"line":56,"column":7}},"31":{"start":{"line":49,"column":6},"end":{"line":49,"column":31}},"32":{"start":{"line":49,"column":18},"end":{"line":49,"column":29}},"33":{"start":{"line":50,"column":27},"end":{"line":50,"column":59}},"34":{"start":{"line":50,"column":46},"end":{"line":50,"column":58}},"35":{"start":{"line":51,"column":22},"end":{"line":54,"column":7}},"36":{"start":{"line":55,"column":6},"end":{"line":55,"column":24}},"37":{"start":{"line":60,"column":0},"end":{"line":62,"column":2}}},"fnMap":{"0":{"name":"(anonymous_0)","decl":{"start":{"line":6,"column":18},"end":{"line":6,"column":19}},"loc":{"start":{"line":6,"column":32},"end":{"line":58,"column":1}},"line":6},"1":{"name":"(anonymous_1)","decl":{"start":{"line":21,"column":18},"end":{"line":21,"column":19}},"loc":{"start":{"line":21,"column":33},"end":{"line":57,"column":3}},"line":21},"2":{"name":"(anonymous_2)","decl":{"start":{"line":24,"column":17},"end":{"line":24,"column":18}},"loc":{"start":{"line":24,"column":26},"end":{"line":42,"column":5}},"line":24},"3":{"name":"(anonymous_3)","decl":{"start":{"line":44,"column":35},"end":{"line":44,"column":36}},"loc":{"start":{"line":44,"column":44},"end":{"line":46,"column":5}},"line":44},"4":{"name":"(anonymous_4)","decl":{"start":{"line":48,"column":27},"end":{"line":48,"column":28}},"loc":{"start":{"line":48,"column":44},"end":{"line":56,"column":5}},"line":48},"5":{"name":"(anonymous_5)","decl":{"start":{"line":50,"column":37},"end":{"line":50,"column":38}},"loc":{"start":{"line":50,"column":46},"end":{"line":50,"column":58}},"line":50}},"branchMap":{"0":{"loc":{"start":{"line":22,"column":4},"end":{"line":22,"column":27}},"type":"if","locations":[{"start":{"line":22,"column":4},"end":{"line":22,"column":27}},{"start":{"line":22,"column":4},"end":{"line":22,"column":27}}],"line":22},"1":{"loc":{"start":{"line":25,"column":6},"end":{"line":41,"column":7}},"type":"if","locations":[{"start":{"line":25,"column":6},"end":{"line":41,"column":7}},{"start":{"line":25,"column":6},"end":{"line":41,"column":7}}],"line":25},"2":{"loc":{"start":{"line":35,"column":8},"end":{"line":37,"column":9}},"type":"if","locations":[{"start":{"line":35,"column":8},"end":{"line":37,"column":9}},{"start":{"line":35,"column":8},"end":{"line":37,"column":9}}],"line":35},"3":{"loc":{"start":{"line":38,"column":8},"end":{"line":40,"column":9}},"type":"if","locations":[{"start":{"line":38,"column":8},"end":{"line":40,"column":9}},{"start":{"line":38,"column":8},"end":{"line":40,"column":9}}],"line":38},"4":{"loc":{"start":{"line":49,"column":6},"end":{"line":49,"column":31}},"type":"if","locations":[{"start":{"line":49,"column":6},"end":{"line":49,"column":31}},{"start":{"line":49,"column":6},"end":{"line":49,"column":31}}],"line":49}},"s":{"0":1,"1":1,"2":0,"3":0,"4":0,"5":0,"6":0,"7":0,"8":0,"9":0,"10":0,"11":0,"12":0,"13":0,"14":0,"15":0,"16":0,"17":0,"18":0,"19":0,"20":0,"21":0,"22":0,"23":0,"24":0,"25":0,"26":0,"27":0,"28":0,"29":0,"30":0,"31":0,"32":0,"33":0,"34":0,"35":0,"36":0,"37":1},"f":{"0":0,"1":0,"2":0,"3":0,"4":0,"5":0},"b":{"0":[0,0],"1":[0,0],"2":[0,0],"3":[0,0],"4":[0,0]},"_coverageSchema":"1a1c01bbd47fc00a2c39e90264f33305004495a9","hash":"da87910afdb84a5d88d864ca4537e2992779a216"}
,"/Users/samuelberston/Desktop/BO/local-voice/server/controllers/locAddController.js": {"path":"/Users/samuelberston/Desktop/BO/local-voice/server/controllers/locAddController.js","statementMap":{"0":{"start":{"line":1,"column":14},"end":{"line":1,"column":30}},"1":{"start":{"line":2,"column":0},"end":{"line":2,"column":27}},"2":{"start":{"line":4,"column":12},"end":{"line":4,"column":39}},"3":{"start":{"line":7,"column":20},"end":{"line":19,"column":1}},"4":{"start":{"line":8,"column":22},"end":{"line":8,"column":31}},"5":{"start":{"line":9,"column":2},"end":{"line":18,"column":38}},"6":{"start":{"line":16,"column":6},"end":{"line":16,"column":55}},"7":{"start":{"line":18,"column":17},"end":{"line":18,"column":36}},"8":{"start":{"line":22,"column":19},"end":{"line":32,"column":1}},"9":{"start":{"line":23,"column":23},"end":{"line":23,"column":32}},"10":{"start":{"line":24,"column":2},"end":{"line":31,"column":38}},"11":{"start":{"line":30,"column":20},"end":{"line":30,"column":68}},"12":{"start":{"line":31,"column":17},"end":{"line":31,"column":36}},"13":{"start":{"line":34,"column":0},"end":{"line":37,"column":2}}},"fnMap":{"0":{"name":"(anonymous_0)","decl":{"start":{"line":7,"column":20},"end":{"line":7,"column":21}},"loc":{"start":{"line":7,"column":34},"end":{"line":19,"column":1}},"line":7},"1":{"name":"(anonymous_1)","decl":{"start":{"line":15,"column":10},"end":{"line":15,"column":11}},"loc":{"start":{"line":15,"column":20},"end":{"line":17,"column":5}},"line":15},"2":{"name":"(anonymous_2)","decl":{"start":{"line":18,"column":11},"end":{"line":18,"column":12}},"loc":{"start":{"line":18,"column":17},"end":{"line":18,"column":36}},"line":18},"3":{"name":"(anonymous_3)","decl":{"start":{"line":22,"column":19},"end":{"line":22,"column":20}},"loc":{"start":{"line":22,"column":33},"end":{"line":32,"column":1}},"line":22},"4":{"name":"(anonymous_4)","decl":{"start":{"line":30,"column":10},"end":{"line":30,"column":11}},"loc":{"start":{"line":30,"column":20},"end":{"line":30,"column":68}},"line":30},"5":{"name":"(anonymous_5)","decl":{"start":{"line":31,"column":11},"end":{"line":31,"column":12}},"loc":{"start":{"line":31,"column":17},"end":{"line":31,"column":36}},"line":31}},"branchMap":{},"s":{"0":1,"1":1,"2":1,"3":1,"4":0,"5":0,"6":0,"7":0,"8":1,"9":0,"10":0,"11":0,"12":0,"13":1},"f":{"0":0,"1":0,"2":0,"3":0,"4":0,"5":0},"b":{},"_coverageSchema":"1a1c01bbd47fc00a2c39e90264f33305004495a9","hash":"a4a8b2423f37cc33dd72f15f33ee8bdf2335fd40"}
,"/Users/samuelberston/Desktop/BO/local-voice/server/controllers/repsController.js": {"path":"/Users/samuelberston/Desktop/BO/local-voice/server/controllers/repsController.js","statementMap":{"0":{"start":{"line":2,"column":14},"end":{"line":2,"column":30}},"1":{"start":{"line":3,"column":0},"end":{"line":3,"column":27}},"2":{"start":{"line":5,"column":12},"end":{"line":5,"column":37}},"3":{"start":{"line":7,"column":16},"end":{"line":35,"column":1}},"4":{"start":{"line":8,"column":23},"end":{"line":8,"column":32}},"5":{"start":{"line":9,"column":18},"end":{"line":9,"column":33}},"6":{"start":{"line":10,"column":2},"end":{"line":34,"column":31}},"7":{"start":{"line":16,"column":19},"end":{"line":16,"column":54}},"8":{"start":{"line":17,"column":35},"end":{"line":17,"column":44}},"9":{"start":{"line":18,"column":21},"end":{"line":18,"column":23}},"10":{"start":{"line":19,"column":4},"end":{"line":31,"column":5}},"11":{"start":{"line":20,"column":6},"end":{"line":30,"column":7}},"12":{"start":{"line":21,"column":8},"end":{"line":29,"column":9}},"13":{"start":{"line":22,"column":27},"end":{"line":22,"column":43}},"14":{"start":{"line":23,"column":10},"end":{"line":28,"column":13}},"15":{"start":{"line":32,"column":4},"end":{"line":32,"column":23}},"16":{"start":{"line":34,"column":17},"end":{"line":34,"column":29}},"17":{"start":{"line":37,"column":0},"end":{"line":39,"column":2}}},"fnMap":{"0":{"name":"(anonymous_0)","decl":{"start":{"line":7,"column":16},"end":{"line":7,"column":17}},"loc":{"start":{"line":7,"column":30},"end":{"line":35,"column":1}},"line":7},"1":{"name":"(anonymous_1)","decl":{"start":{"line":15,"column":10},"end":{"line":15,"column":11}},"loc":{"start":{"line":15,"column":20},"end":{"line":33,"column":3}},"line":15},"2":{"name":"(anonymous_2)","decl":{"start":{"line":34,"column":11},"end":{"line":34,"column":12}},"loc":{"start":{"line":34,"column":17},"end":{"line":34,"column":29}},"line":34}},"branchMap":{"0":{"loc":{"start":{"line":21,"column":8},"end":{"line":29,"column":9}},"type":"if","locations":[{"start":{"line":21,"column":8},"end":{"line":29,"column":9}},{"start":{"line":21,"column":8},"end":{"line":29,"column":9}}],"line":21},"1":{"loc":{"start":{"line":26,"column":19},"end":{"line":26,"column":53}},"type":"binary-expr","locations":[{"start":{"line":26,"column":19},"end":{"line":26,"column":34}},{"start":{"line":26,"column":38},"end":{"line":26,"column":53}}],"line":26},"2":{"loc":{"start":{"line":27,"column":22},"end":{"line":27,"column":52}},"type":"binary-expr","locations":[{"start":{"line":27,"column":22},"end":{"line":27,"column":39}},{"start":{"line":27,"column":43},"end":{"line":27,"column":52}}],"line":27}},"s":{"0":1,"1":1,"2":1,"3":1,"4":0,"5":0,"6":0,"7":0,"8":0,"9":0,"10":0,"11":0,"12":0,"13":0,"14":0,"15":0,"16":0,"17":1},"f":{"0":0,"1":0,"2":0},"b":{"0":[0,0],"1":[0,0],"2":[0,0]},"_coverageSchema":"1a1c01bbd47fc00a2c39e90264f33305004495a9","hash":"2a35c0da5d7d51531848d6f7bff2b08f6f777795"}
,"/Users/samuelberston/Desktop/BO/local-voice/server/routes/issuesMetaRoutes.js": {"path":"/Users/samuelberston/Desktop/BO/local-voice/server/routes/issuesMetaRoutes.js","statementMap":{"0":{"start":{"line":2,"column":16},"end":{"line":2,"column":34}},"1":{"start":{"line":4,"column":11},"end":{"line":4,"column":39}},"2":{"start":{"line":6,"column":25},"end":{"line":6,"column":41}},"3":{"start":{"line":8,"column":0},"end":{"line":33,"column":3}},"4":{"start":{"line":9,"column":32},"end":{"line":9,"column":41}},"5":{"start":{"line":10,"column":17},"end":{"line":13,"column":27}},"6":{"start":{"line":14,"column":2},"end":{"line":32,"column":5}},"7":{"start":{"line":15,"column":4},"end":{"line":15,"column":29}},"8":{"start":{"line":15,"column":16},"end":{"line":15,"column":27}},"9":{"start":{"line":16,"column":4},"end":{"line":31,"column":5}},"10":{"start":{"line":17,"column":6},"end":{"line":17,"column":32}},"11":{"start":{"line":19,"column":6},"end":{"line":30,"column":9}},"12":{"start":{"line":23,"column":8},"end":{"line":23,"column":33}},"13":{"start":{"line":23,"column":20},"end":{"line":23,"column":31}},"14":{"start":{"line":24,"column":23},"end":{"line":25,"column":40}},"15":{"start":{"line":26,"column":8},"end":{"line":29,"column":11}},"16":{"start":{"line":27,"column":10},"end":{"line":27,"column":35}},"17":{"start":{"line":27,"column":22},"end":{"line":27,"column":33}},"18":{"start":{"line":28,"column":10},"end":{"line":28,"column":39}},"19":{"start":{"line":35,"column":0},"end":{"line":57,"column":3}},"20":{"start":{"line":36,"column":32},"end":{"line":36,"column":41}},"21":{"start":{"line":37,"column":17},"end":{"line":40,"column":29}},"22":{"start":{"line":41,"column":2},"end":{"line":56,"column":5}},"23":{"start":{"line":42,"column":4},"end":{"line":42,"column":29}},"24":{"start":{"line":42,"column":16},"end":{"line":42,"column":27}},"25":{"start":{"line":43,"column":4},"end":{"line":55,"column":5}},"26":{"start":{"line":44,"column":6},"end":{"line":44,"column":34}},"27":{"start":{"line":46,"column":6},"end":{"line":54,"column":9}},"28":{"start":{"line":47,"column":8},"end":{"line":47,"column":33}},"29":{"start":{"line":47,"column":20},"end":{"line":47,"column":31}},"30":{"start":{"line":48,"column":23},"end":{"line":49,"column":40}},"31":{"start":{"line":50,"column":8},"end":{"line":53,"column":11}},"32":{"start":{"line":51,"column":10},"end":{"line":51,"column":35}},"33":{"start":{"line":51,"column":22},"end":{"line":51,"column":33}},"34":{"start":{"line":52,"column":10},"end":{"line":52,"column":39}},"35":{"start":{"line":59,"column":0},"end":{"line":73,"column":3}},"36":{"start":{"line":60,"column":32},"end":{"line":60,"column":41}},"37":{"start":{"line":61,"column":2},"end":{"line":72,"column":5}},"38":{"start":{"line":65,"column":4},"end":{"line":65,"column":27}},"39":{"start":{"line":65,"column":15},"end":{"line":65,"column":25}},"40":{"start":{"line":66,"column":19},"end":{"line":67,"column":58}},"41":{"start":{"line":68,"column":4},"end":{"line":71,"column":7}},"42":{"start":{"line":69,"column":6},"end":{"line":69,"column":31}},"43":{"start":{"line":69,"column":18},"end":{"line":69,"column":29}},"44":{"start":{"line":70,"column":6},"end":{"line":70,"column":33}},"45":{"start":{"line":75,"column":0},"end":{"line":89,"column":3}},"46":{"start":{"line":76,"column":32},"end":{"line":76,"column":41}},"47":{"start":{"line":77,"column":2},"end":{"line":88,"column":5}},"48":{"start":{"line":81,"column":4},"end":{"line":81,"column":27}},"49":{"start":{"line":81,"column":15},"end":{"line":81,"column":25}},"50":{"start":{"line":82,"column":19},"end":{"line":83,"column":58}},"51":{"start":{"line":84,"column":4},"end":{"line":87,"column":7}},"52":{"start":{"line":85,"column":6},"end":{"line":85,"column":31}},"53":{"start":{"line":85,"column":18},"end":{"line":85,"column":29}},"54":{"start":{"line":86,"column":6},"end":{"line":86,"column":33}},"55":{"start":{"line":91,"column":0},"end":{"line":110,"column":3}},"56":{"start":{"line":92,"column":32},"end":{"line":92,"column":41}},"57":{"start":{"line":93,"column":17},"end":{"line":96,"column":29}},"58":{"start":{"line":97,"column":2},"end":{"line":109,"column":5}},"59":{"start":{"line":98,"column":4},"end":{"line":98,"column":29}},"60":{"start":{"line":98,"column":16},"end":{"line":98,"column":27}},"61":{"start":{"line":99,"column":4},"end":{"line":108,"column":5}},"62":{"start":{"line":100,"column":6},"end":{"line":100,"column":34}},"63":{"start":{"line":102,"column":21},"end":{"line":103,"column":38}},"64":{"start":{"line":104,"column":6},"end":{"line":107,"column":9}},"65":{"start":{"line":105,"column":8},"end":{"line":105,"column":33}},"66":{"start":{"line":105,"column":20},"end":{"line":105,"column":31}},"67":{"start":{"line":106,"column":8},"end":{"line":106,"column":39}},"68":{"start":{"line":112,"column":0},"end":{"line":118,"column":3}},"69":{"start":{"line":113,"column":32},"end":{"line":113,"column":41}},"70":{"start":{"line":114,"column":2},"end":{"line":117,"column":5}},"71":{"start":{"line":115,"column":4},"end":{"line":115,"column":27}},"72":{"start":{"line":115,"column":15},"end":{"line":115,"column":25}},"73":{"start":{"line":116,"column":4},"end":{"line":116,"column":35}},"74":{"start":{"line":120,"column":0},"end":{"line":120,"column":34}}},"fnMap":{"0":{"name":"(anonymous_0)","decl":{"start":{"line":8,"column":33},"end":{"line":8,"column":34}},"loc":{"start":{"line":8,"column":47},"end":{"line":33,"column":1}},"line":8},"1":{"name":"(anonymous_1)","decl":{"start":{"line":14,"column":19},"end":{"line":14,"column":20}},"loc":{"start":{"line":14,"column":35},"end":{"line":32,"column":3}},"line":14},"2":{"name":"(anonymous_2)","decl":{"start":{"line":22,"column":6},"end":{"line":22,"column":7}},"loc":{"start":{"line":22,"column":24},"end":{"line":30,"column":7}},"line":22},"3":{"name":"(anonymous_3)","decl":{"start":{"line":26,"column":25},"end":{"line":26,"column":26}},"loc":{"start":{"line":26,"column":42},"end":{"line":29,"column":9}},"line":26},"4":{"name":"(anonymous_4)","decl":{"start":{"line":35,"column":30},"end":{"line":35,"column":31}},"loc":{"start":{"line":35,"column":44},"end":{"line":57,"column":1}},"line":35},"5":{"name":"(anonymous_5)","decl":{"start":{"line":41,"column":19},"end":{"line":41,"column":20}},"loc":{"start":{"line":41,"column":35},"end":{"line":56,"column":3}},"line":41},"6":{"name":"(anonymous_6)","decl":{"start":{"line":46,"column":93},"end":{"line":46,"column":94}},"loc":{"start":{"line":46,"column":111},"end":{"line":54,"column":7}},"line":46},"7":{"name":"(anonymous_7)","decl":{"start":{"line":50,"column":25},"end":{"line":50,"column":26}},"loc":{"start":{"line":50,"column":42},"end":{"line":53,"column":9}},"line":50},"8":{"name":"(anonymous_8)","decl":{"start":{"line":59,"column":35},"end":{"line":59,"column":36}},"loc":{"start":{"line":59,"column":49},"end":{"line":73,"column":1}},"line":59},"9":{"name":"(anonymous_9)","decl":{"start":{"line":64,"column":2},"end":{"line":64,"column":3}},"loc":{"start":{"line":64,"column":19},"end":{"line":72,"column":3}},"line":64},"10":{"name":"(anonymous_10)","decl":{"start":{"line":68,"column":21},"end":{"line":68,"column":22}},"loc":{"start":{"line":68,"column":37},"end":{"line":71,"column":5}},"line":68},"11":{"name":"(anonymous_11)","decl":{"start":{"line":75,"column":32},"end":{"line":75,"column":33}},"loc":{"start":{"line":75,"column":46},"end":{"line":89,"column":1}},"line":75},"12":{"name":"(anonymous_12)","decl":{"start":{"line":80,"column":2},"end":{"line":80,"column":3}},"loc":{"start":{"line":80,"column":19},"end":{"line":88,"column":3}},"line":80},"13":{"name":"(anonymous_13)","decl":{"start":{"line":84,"column":21},"end":{"line":84,"column":22}},"loc":{"start":{"line":84,"column":37},"end":{"line":87,"column":5}},"line":84},"14":{"name":"(anonymous_14)","decl":{"start":{"line":91,"column":31},"end":{"line":91,"column":32}},"loc":{"start":{"line":91,"column":45},"end":{"line":110,"column":1}},"line":91},"15":{"name":"(anonymous_15)","decl":{"start":{"line":97,"column":19},"end":{"line":97,"column":20}},"loc":{"start":{"line":97,"column":35},"end":{"line":109,"column":3}},"line":97},"16":{"name":"(anonymous_16)","decl":{"start":{"line":104,"column":23},"end":{"line":104,"column":24}},"loc":{"start":{"line":104,"column":43},"end":{"line":107,"column":7}},"line":104},"17":{"name":"(anonymous_17)","decl":{"start":{"line":112,"column":36},"end":{"line":112,"column":37}},"loc":{"start":{"line":112,"column":50},"end":{"line":118,"column":1}},"line":112},"18":{"name":"(anonymous_18)","decl":{"start":{"line":114,"column":91},"end":{"line":114,"column":92}},"loc":{"start":{"line":114,"column":110},"end":{"line":117,"column":3}},"line":114}},"branchMap":{"0":{"loc":{"start":{"line":15,"column":4},"end":{"line":15,"column":29}},"type":"if","locations":[{"start":{"line":15,"column":4},"end":{"line":15,"column":29}},{"start":{"line":15,"column":4},"end":{"line":15,"column":29}}],"line":15},"1":{"loc":{"start":{"line":16,"column":4},"end":{"line":31,"column":5}},"type":"if","locations":[{"start":{"line":16,"column":4},"end":{"line":31,"column":5}},{"start":{"line":16,"column":4},"end":{"line":31,"column":5}}],"line":16},"2":{"loc":{"start":{"line":23,"column":8},"end":{"line":23,"column":33}},"type":"if","locations":[{"start":{"line":23,"column":8},"end":{"line":23,"column":33}},{"start":{"line":23,"column":8},"end":{"line":23,"column":33}}],"line":23},"3":{"loc":{"start":{"line":27,"column":10},"end":{"line":27,"column":35}},"type":"if","locations":[{"start":{"line":27,"column":10},"end":{"line":27,"column":35}},{"start":{"line":27,"column":10},"end":{"line":27,"column":35}}],"line":27},"4":{"loc":{"start":{"line":42,"column":4},"end":{"line":42,"column":29}},"type":"if","locations":[{"start":{"line":42,"column":4},"end":{"line":42,"column":29}},{"start":{"line":42,"column":4},"end":{"line":42,"column":29}}],"line":42},"5":{"loc":{"start":{"line":43,"column":4},"end":{"line":55,"column":5}},"type":"if","locations":[{"start":{"line":43,"column":4},"end":{"line":55,"column":5}},{"start":{"line":43,"column":4},"end":{"line":55,"column":5}}],"line":43},"6":{"loc":{"start":{"line":47,"column":8},"end":{"line":47,"column":33}},"type":"if","locations":[{"start":{"line":47,"column":8},"end":{"line":47,"column":33}},{"start":{"line":47,"column":8},"end":{"line":47,"column":33}}],"line":47},"7":{"loc":{"start":{"line":51,"column":10},"end":{"line":51,"column":35}},"type":"if","locations":[{"start":{"line":51,"column":10},"end":{"line":51,"column":35}},{"start":{"line":51,"column":10},"end":{"line":51,"column":35}}],"line":51},"8":{"loc":{"start":{"line":65,"column":4},"end":{"line":65,"column":27}},"type":"if","locations":[{"start":{"line":65,"column":4},"end":{"line":65,"column":27}},{"start":{"line":65,"column":4},"end":{"line":65,"column":27}}],"line":65},"9":{"loc":{"start":{"line":69,"column":6},"end":{"line":69,"column":31}},"type":"if","locations":[{"start":{"line":69,"column":6},"end":{"line":69,"column":31}},{"start":{"line":69,"column":6},"end":{"line":69,"column":31}}],"line":69},"10":{"loc":{"start":{"line":81,"column":4},"end":{"line":81,"column":27}},"type":"if","locations":[{"start":{"line":81,"column":4},"end":{"line":81,"column":27}},{"start":{"line":81,"column":4},"end":{"line":81,"column":27}}],"line":81},"11":{"loc":{"start":{"line":85,"column":6},"end":{"line":85,"column":31}},"type":"if","locations":[{"start":{"line":85,"column":6},"end":{"line":85,"column":31}},{"start":{"line":85,"column":6},"end":{"line":85,"column":31}}],"line":85},"12":{"loc":{"start":{"line":98,"column":4},"end":{"line":98,"column":29}},"type":"if","locations":[{"start":{"line":98,"column":4},"end":{"line":98,"column":29}},{"start":{"line":98,"column":4},"end":{"line":98,"column":29}}],"line":98},"13":{"loc":{"start":{"line":99,"column":4},"end":{"line":108,"column":5}},"type":"if","locations":[{"start":{"line":99,"column":4},"end":{"line":108,"column":5}},{"start":{"line":99,"column":4},"end":{"line":108,"column":5}}],"line":99},"14":{"loc":{"start":{"line":105,"column":8},"end":{"line":105,"column":33}},"type":"if","locations":[{"start":{"line":105,"column":8},"end":{"line":105,"column":33}},{"start":{"line":105,"column":8},"end":{"line":105,"column":33}}],"line":105},"15":{"loc":{"start":{"line":115,"column":4},"end":{"line":115,"column":27}},"type":"if","locations":[{"start":{"line":115,"column":4},"end":{"line":115,"column":27}},{"start":{"line":115,"column":4},"end":{"line":115,"column":27}}],"line":115}},"s":{"0":1,"1":1,"2":1,"3":1,"4":0,"5":0,"6":0,"7":0,"8":0,"9":0,"10":0,"11":0,"12":0,"13":0,"14":0,"15":0,"16":0,"17":0,"18":0,"19":1,"20":0,"21":0,"22":0,"23":0,"24":0,"25":0,"26":0,"27":0,"28":0,"29":0,"30":0,"31":0,"32":0,"33":0,"34":0,"35":1,"36":0,"37":0,"38":0,"39":0,"40":0,"41":0,"42":0,"43":0,"44":0,"45":1,"46":0,"47":0,"48":0,"49":0,"50":0,"51":0,"52":0,"53":0,"54":0,"55":1,"56":0,"57":0,"58":0,"59":0,"60":0,"61":0,"62":0,"63":0,"64":0,"65":0,"66":0,"67":0,"68":1,"69":0,"70":0,"71":0,"72":0,"73":0,"74":1},"f":{"0":0,"1":0,"2":0,"3":0,"4":0,"5":0,"6":0,"7":0,"8":0,"9":0,"10":0,"11":0,"12":0,"13":0,"14":0,"15":0,"16":0,"17":0,"18":0},"b":{"0":[0,0],"1":[0,0],"2":[0,0],"3":[0,0],"4":[0,0],"5":[0,0],"6":[0,0],"7":[0,0],"8":[0,0],"9":[0,0],"10":[0,0],"11":[0,0],"12":[0,0],"13":[0,0],"14":[0,0],"15":[0,0]},"_coverageSchema":"1a1c01bbd47fc00a2c39e90264f33305004495a9","hash":"1c6e63f12820abd23d131afaf8a22ba6d2134bba"}
,"/Users/samuelberston/Desktop/BO/local-voice/server/routes/routes.js": {"path":"/Users/samuelberston/Desktop/BO/local-voice/server/routes/routes.js","statementMap":{"0":{"start":{"line":1,"column":16},"end":{"line":1,"column":34}},"1":{"start":{"line":3,"column":24},"end":{"line":3,"column":72}},"2":{"start":{"line":4,"column":24},"end":{"line":4,"column":72}},"3":{"start":{"line":5,"column":22},"end":{"line":5,"column":68}},"4":{"start":{"line":7,"column":20},"end":{"line":7,"column":63}},"5":{"start":{"line":8,"column":36},"end":{"line":8,"column":81}},"6":{"start":{"line":10,"column":15},"end":{"line":10,"column":31}},"7":{"start":{"line":13,"column":0},"end":{"line":13,"column":37}},"8":{"start":{"line":14,"column":0},"end":{"line":14,"column":38}},"9":{"start":{"line":16,"column":0},"end":{"line":16,"column":29}},"10":{"start":{"line":18,"column":0},"end":{"line":18,"column":35}},"11":{"start":{"line":19,"column":0},"end":{"line":19,"column":37}},"12":{"start":{"line":20,"column":0},"end":{"line":20,"column":36}},"13":{"start":{"line":22,"column":0},"end":{"line":22,"column":24}}},"fnMap":{},"branchMap":{},"s":{"0":1,"1":1,"2":1,"3":1,"4":1,"5":1,"6":1,"7":1,"8":1,"9":1,"10":1,"11":1,"12":1,"13":1},"f":{},"b":{},"_coverageSchema":"1a1c01bbd47fc00a2c39e90264f33305004495a9","hash":"2e0aeadede8bd2cb6eb4c5c4557846c4b0558321"}
}
